[debug] [2022-06-19T10:20:32.096Z] ----------------------------------------------------------------------
[debug] [2022-06-19T10:20:32.098Z] Command:       C:\Users\CGA5\Desktop\me\node-v16.4.2-win-x64\node.exe C:\Users\CGA5\Desktop\me\node-v16.4.2-win-x64\node_modules\firebase-tools\lib\bin\firebase.js init
[debug] [2022-06-19T10:20:32.099Z] CLI Version:   11.1.0
[debug] [2022-06-19T10:20:32.099Z] Platform:      win32
[debug] [2022-06-19T10:20:32.099Z] Node Version:  v16.4.2
[debug] [2022-06-19T10:20:32.101Z] Time:          Sun Jun 19 2022 15:50:32 GMT+0530 (India Standard Time)
[debug] [2022-06-19T10:20:32.101Z] ----------------------------------------------------------------------
[debug] 
[debug] [2022-06-19T10:20:32.108Z] > command requires scopes: ["email","openid","https://www.googleapis.com/auth/cloudplatformprojects.readonly","https://www.googleapis.com/auth/firebase","https://www.googleapis.com/auth/cloud-platform"]
[debug] [2022-06-19T10:20:32.108Z] > authorizing via signed-in user (chiraggupta629@gmail.com)
[info] 
     ######## #### ########  ######## ########     ###     ######  ########
     ##        ##  ##     ## ##       ##     ##  ##   ##  ##       ##
     ######    ##  ########  ######   ########  #########  ######  ######
     ##        ##  ##    ##  ##       ##     ## ##     ##       ## ##
     ##       #### ##     ## ######## ########  ##     ##  ######  ########

You're about to initialize a Firebase project in this directory:

  C:\Users\CGA5\Desktop\me\react\first-app

[info] 
=== Project Setup
[info] 
[info] First, let's associate this project directory with a Firebase project.
[info] You can create multiple project aliases by running firebase use --add, 
[info] but for now we'll just set up a default project.
[info] 
[debug] [2022-06-19T10:20:49.128Z] >>> [apiv2][query] GET https://firebase.googleapis.com/v1beta1/projects pageSize=100
[debug] [2022-06-19T10:20:49.839Z] <<< [apiv2][status] GET https://firebase.googleapis.com/v1beta1/projects 200
[debug] [2022-06-19T10:20:49.839Z] <<< [apiv2][body] GET https://firebase.googleapis.com/v1beta1/projects [omitted]
[info] i  Using project react-first-e0878 (React First) 
[info] 
=== Hosting Setup
[info] 
[info] Your public directory is the folder (relative to your project directory) that
[info] will contain Hosting assets to be uploaded with firebase deploy. If you
[info] have a build process for your assets, use your build's output directory.
[info] 
[debug] [2022-06-19T10:21:34.318Z] >>> [apiv2][query] GET https://www.gstatic.com/firebasejs/releases.json [none]
[debug] [2022-06-19T10:21:34.478Z] <<< [apiv2][status] GET https://www.gstatic.com/firebasejs/releases.json 200
[debug] [2022-06-19T10:21:34.478Z] <<< [apiv2][body] GET https://www.gstatic.com/firebasejs/releases.json {"current":{"version":"9.8.3","browserURL":"https://www.gstatic.com/firebasejs/9.8.3/firebase.js","packageURL":"https://www.gstatic.com/firebasejs/9.8.3/firebase.tgz"},"live":{"version":"9.8","browserURL":"https://www.gstatic.com/firebasejs/live/9.8/firebase.js","packageURL":"https://www.gstatic.com/firebasejs/live/9.8/firebase.tgz"},"components":{"analytics":"https://www.gstatic.com/firebasejs/9.8.3/firebase-analytics.js","app":"https://www.gstatic.com/firebasejs/9.8.3/firebase-app.js","app-check":"https://www.gstatic.com/firebasejs/9.8.3/firebase-app-check.js","auth":"https://www.gstatic.com/firebasejs/9.8.3/firebase-auth.js","auth/cordova":"https://www.gstatic.com/firebasejs/9.8.3/firebase-auth/cordova.js","auth/react-native":"https://www.gstatic.com/firebasejs/9.8.3/firebase-auth/react-native.js","functions":"https://www.gstatic.com/firebasejs/9.8.3/firebase-functions.js","firestore":"https://www.gstatic.com/firebasejs/9.8.3/firebase-firestore.js","firestore/lite":"https://www.gstatic.com/firebasejs/9.8.3/firebase-firestore/lite.js","storage":"https://www.gstatic.com/firebasejs/9.8.3/firebase-storage.js","performance":"https://www.gstatic.com/firebasejs/9.8.3/firebase-performance.js","remote-config":"https://www.gstatic.com/firebasejs/9.8.3/firebase-remote-config.js","messaging":"https://www.gstatic.com/firebasejs/9.8.3/firebase-messaging.js","messaging/sw":"https://www.gstatic.com/firebasejs/9.8.3/firebase-messaging/sw.js","database":"https://www.gstatic.com/firebasejs/9.8.3/firebase-database.js","firestore.memory":"https://www.gstatic.com/firebasejs/9.8.3/firebase-firestore.memory.js"}}
[info] +  Wrote build/index.html 
[info] 
[info] i  Detected a .git folder at C:\Users\CGA5\Desktop\me\react\first-app 
[info] i  Authorizing with GitHub to upload your service account to a GitHub repository's secrets store. 
[info] 
[info] Visit this URL on this device to log in:
[info] https://github.com/login/oauth/authorize?client_id=89cf50f02ac6aaed3484&state=984349706&redirect_uri=http%3A%2F%2Flocalhost%3A9005&scope=read%3Auser%20repo%20public_repo
[info] 
[info] Waiting for authentication...
[debug] [2022-06-19T10:22:29.642Z] >>> [apiv2][query] POST https://github.com/login/oauth/access_token [none]
[debug] [2022-06-19T10:22:29.642Z] >>> [apiv2][body] POST https://github.com/login/oauth/access_token [stream]
[debug] [2022-06-19T10:22:30.002Z] <<< [apiv2][status] POST https://github.com/login/oauth/access_token 200
[debug] [2022-06-19T10:22:30.002Z] <<< [apiv2][body] POST https://github.com/login/oauth/access_token {"access_token":"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","token_type":"bearer","scope":"read:user,repo"}
[debug] [2022-06-19T10:22:30.050Z] >>> [apiv2][query] GET https://api.github.com/user [none]
[debug] [2022-06-19T10:22:30.404Z] <<< [apiv2][status] GET https://api.github.com/user 200
[debug] [2022-06-19T10:22:30.404Z] <<< [apiv2][body] GET https://api.github.com/user {"login":"chiraggupta628","id":22957714,"node_id":"MDQ6VXNlcjIyOTU3NzE0","avatar_url":"https://avatars.githubusercontent.com/u/22957714?v=4","gravatar_id":"","url":"https://api.github.com/users/chiraggupta628","html_url":"https://github.com/chiraggupta628","followers_url":"https://api.github.com/users/chiraggupta628/followers","following_url":"https://api.github.com/users/chiraggupta628/following{/other_user}","gists_url":"https://api.github.com/users/chiraggupta628/gists{/gist_id}","starred_url":"https://api.github.com/users/chiraggupta628/starred{/owner}{/repo}","subscriptions_url":"https://api.github.com/users/chiraggupta628/subscriptions","organizations_url":"https://api.github.com/users/chiraggupta628/orgs","repos_url":"https://api.github.com/users/chiraggupta628/repos","events_url":"https://api.github.com/users/chiraggupta628/events{/privacy}","received_events_url":"https://api.github.com/users/chiraggupta628/received_events","type":"User","site_admin":false,"name":null,"company":null,"blog":"","location":null,"email":null,"hireable":null,"bio":null,"twitter_username":null,"public_repos":5,"public_gists":0,"followers":0,"following":0,"created_at":"2016-10-20T11:24:26Z","updated_at":"2021-12-26T15:33:28Z","private_gists":1,"total_private_repos":7,"owned_private_repos":7,"disk_usage":398,"collaborators":0,"two_factor_authentication":false,"plan":{"name":"free","space":976562499,"collaborators":0,"private_repos":10000}}
[info] 
[info] +  Success! Logged into GitHub as chiraggupta628 
[info] 
